[debug] [2022-11-17T05:34:26.022Z] ----------------------------------------------------------------------
[debug] [2022-11-17T05:34:26.025Z] Command:       C:\Program Files\nodejs\node.exe C:\Users\satmyils\AppData\Roaming\npm\node_modules\firebase-tools\lib\bin\firebase.js init
[debug] [2022-11-17T05:34:26.027Z] CLI Version:   11.16.1
[debug] [2022-11-17T05:34:26.027Z] Platform:      win32
[debug] [2022-11-17T05:34:26.027Z] Node Version:  v16.16.0
[debug] [2022-11-17T05:34:26.029Z] Time:          Thu Nov 17 2022 11:04:26 GMT+0530 (India Standard Time)
[debug] [2022-11-17T05:34:26.030Z] ----------------------------------------------------------------------
[debug] 
[debug] [2022-11-17T05:34:26.043Z] > command requires scopes: ["email","openid","https://www.googleapis.com/auth/cloudplatformprojects.readonly","https://www.googleapis.com/auth/firebase","https://www.googleapis.com/auth/cloud-platform"]
[debug] [2022-11-17T05:34:26.044Z] > authorizing via signed-in user (sathish21601@gmail.com)
[info] 
     ######## #### ########  ######## ########     ###     ######  ########
     ##        ##  ##     ## ##       ##     ##  ##   ##  ##       ##
     ######    ##  ########  ######   ########  #########  ######  ######
     ##        ##  ##    ##  ##       ##     ## ##     ##       ## ##
     ##       #### ##     ## ######## ########  ##     ##  ######  ########

You're about to initialize a Firebase project in this directory:

  C:\Users\satmyils\Downloads\React\Day12\class-app

[info] 
=== Project Setup
[info] 
[info] First, let's associate this project directory with a Firebase project.
[info] You can create multiple project aliases by running firebase use --add, 
[info] but for now we'll just set up a default project.
[info] 
